2022-04-12 23:00:33:033 [37mdebug[39m: [37mServer is up and running @ http://localhost:3000[39m
2022-04-12 23:08:01:81 [37mdebug[39m: [37mServer is up and running @ http://localhost:3000[39m
2022-04-12 23:08:31:831 [37mdebug[39m: [37mServer is up and running @ http://localhost:3000[39m
2022-04-12 23:08:43:843 [37mdebug[39m: [37mServer is up and running @ http://localhost:3000[39m
2022-04-12 23:09:11:911 [35mhttp[39m: [35mPOST /orders/13/services/2 400 111 - 1679.951 ms[39m
[35m[39m
2022-04-12 23:10:08:108 [37mdebug[39m: [37mServer is up and running @ http://localhost:3000[39m
2022-04-13 01:29:15:2915 [37mdebug[39m: [37mServer is up and running @ http://localhost:3000[39m
2022-04-13 01:29:46:2946 [35mhttp[39m: [35mGET /docs 301 175 - 3.264 ms[39m
[35m[39m
2022-04-13 01:29:46:2946 [35mhttp[39m: [35mGET /docs/ 200 3102 - 2.389 ms[39m
[35m[39m
2022-04-13 01:29:46:2946 [35mhttp[39m: [35mGET /docs/swagger-ui.css 200 143980 - 43.866 ms[39m
[35m[39m
2022-04-13 01:29:46:2946 [35mhttp[39m: [35mGET /docs/swagger-ui-init.js 200 1334 - 0.301 ms[39m
[35m[39m
2022-04-13 01:29:46:2946 [35mhttp[39m: [35mGET /docs/swagger-ui-standalone-preset.js 200 339540 - 4.821 ms[39m
[35m[39m
2022-04-13 01:29:46:2946 [35mhttp[39m: [35mGET /docs/swagger-ui-bundle.js 200 1095130 - 6.980 ms[39m
[35m[39m
2022-04-13 01:39:02:392 [37mdebug[39m: [37mServer is up and running @ http://localhost:3000[39m
2022-04-13 01:39:45:3945 [37mdebug[39m: [37mServer is up and running @ http://localhost:3000[39m
2022-04-13 01:41:19:4119 [37mdebug[39m: [37mServer is up and running @ http://localhost:3000[39m
2022-04-13 01:41:25:4125 [35mhttp[39m: [35mGET /docs/ 304 - - 4.148 ms[39m
[35m[39m
2022-04-13 01:41:25:4125 [35mhttp[39m: [35mGET /docs/swagger-ui.css 304 - - 39.015 ms[39m
[35m[39m
2022-04-13 01:41:25:4125 [35mhttp[39m: [35mGET /docs/swagger-ui-bundle.js 304 - - 39.355 ms[39m
[35m[39m
2022-04-13 01:41:25:4125 [35mhttp[39m: [35mGET /docs/swagger-ui-standalone-preset.js 304 - - 39.855 ms[39m
[35m[39m
2022-04-13 01:41:25:4125 [35mhttp[39m: [35mGET /docs/swagger-ui-init.js 304 - - 0.216 ms[39m
[35m[39m
2022-04-13 01:41:25:4125 [35mhttp[39m: [35mGET /docs/favicon-32x32.png 200 628 - 145.778 ms[39m
[35m[39m
2022-04-13 01:41:28:4128 [35mhttp[39m: [35mGET /docs/ 304 - - 1.577 ms[39m
[35m[39m
2022-04-13 01:41:28:4128 [35mhttp[39m: [35mGET /docs/swagger-ui-init.js 304 - - 0.486 ms[39m
[35m[39m
2022-04-13 01:41:28:4128 [35mhttp[39m: [35mGET /docs/swagger-ui.css 304 - - 8.253 ms[39m
[35m[39m
2022-04-13 01:41:28:4128 [35mhttp[39m: [35mGET /docs/swagger-ui-bundle.js 304 - - 7.752 ms[39m
[35m[39m
2022-04-13 01:41:29:4129 [35mhttp[39m: [35mGET /docs/swagger-ui-standalone-preset.js 304 - - 356.460 ms[39m
[35m[39m
2022-04-13 01:41:29:4129 [35mhttp[39m: [35mGET /docs/favicon-32x32.png 304 - - 0.777 ms[39m
[35m[39m
2022-04-13 01:41:36:4136 [35mhttp[39m: [35mGET /docs/ 304 - - 0.683 ms[39m
[35m[39m
2022-04-13 01:41:36:4136 [35mhttp[39m: [35mGET /docs/swagger-ui.css 304 - - 3.225 ms[39m
[35m[39m
2022-04-13 01:41:36:4136 [35mhttp[39m: [35mGET /docs/swagger-ui-bundle.js 304 - - 5.550 ms[39m
[35m[39m
2022-04-13 01:41:36:4136 [35mhttp[39m: [35mGET /docs/swagger-ui-standalone-preset.js 304 - - 9.991 ms[39m
[35m[39m
2022-04-13 01:41:36:4136 [35mhttp[39m: [35mGET /docs/swagger-ui-init.js 304 - - 0.534 ms[39m
[35m[39m
2022-04-13 01:41:37:4137 [35mhttp[39m: [35mGET /docs/favicon-32x32.png 304 - - 1.046 ms[39m
[35m[39m
2022-04-13 01:41:40:4140 [35mhttp[39m: [35mGET /docs/ 304 - - 0.812 ms[39m
[35m[39m
2022-04-13 01:41:40:4140 [35mhttp[39m: [35mGET /docs/swagger-ui-init.js 304 - - 0.403 ms[39m
[35m[39m
2022-04-13 01:41:40:4140 [35mhttp[39m: [35mGET /docs/swagger-ui.css 304 - - 6.744 ms[39m
[35m[39m
2022-04-13 01:41:40:4140 [35mhttp[39m: [35mGET /docs/swagger-ui-bundle.js 304 - - 7.771 ms[39m
[35m[39m
2022-04-13 01:41:40:4140 [35mhttp[39m: [35mGET /docs/swagger-ui-standalone-preset.js 304 - - 10.384 ms[39m
[35m[39m
2022-04-13 01:41:40:4140 [35mhttp[39m: [35mGET /docs/favicon-32x32.png 304 - - 0.633 ms[39m
[35m[39m
2022-04-13 01:42:28:4228 [37mdebug[39m: [37mServer is up and running @ http://localhost:3000[39m
2022-04-13 01:42:33:4233 [35mhttp[39m: [35mGET /docs/ 304 - - 7.492 ms[39m
[35m[39m
2022-04-13 01:42:33:4233 [35mhttp[39m: [35mGET /docs/swagger-ui.css 304 - - 2.912 ms[39m
[35m[39m
2022-04-13 01:42:33:4233 [35mhttp[39m: [35mGET /docs/swagger-ui-bundle.js 304 - - 2.403 ms[39m
[35m[39m
2022-04-13 01:42:33:4233 [35mhttp[39m: [35mGET /docs/swagger-ui-init.js 304 - - 0.519 ms[39m
[35m[39m
2022-04-13 01:42:33:4233 [35mhttp[39m: [35mGET /docs/swagger-ui-standalone-preset.js 304 - - 5.036 ms[39m
[35m[39m
2022-04-13 01:43:14:4314 [37mdebug[39m: [37mServer is up and running @ http://localhost:3000[39m
2022-04-13 01:44:14:4414 [37mdebug[39m: [37mServer is up and running @ http://localhost:3000[39m
2022-04-13 01:44:19:4419 [35mhttp[39m: [35mGET /docs/ 304 - - 6.463 ms[39m
[35m[39m
2022-04-13 01:44:19:4419 [35mhttp[39m: [35mGET /docs/swagger-ui.css 304 - - 5.204 ms[39m
[35m[39m
2022-04-13 01:44:19:4419 [35mhttp[39m: [35mGET /docs/swagger-ui-bundle.js 304 - - 12.577 ms[39m
[35m[39m
2022-04-13 01:44:19:4419 [35mhttp[39m: [35mGET /docs/swagger-ui-standalone-preset.js 304 - - 0.734 ms[39m
[35m[39m
2022-04-13 01:44:19:4419 [35mhttp[39m: [35mGET /docs/swagger-ui-init.js 200 1909 - 2.369 ms[39m
[35m[39m
2022-04-13 01:44:19:4419 [35mhttp[39m: [35mGET /docs/favicon-32x32.png 304 - - 1.000 ms[39m
[35m[39m
2022-04-13 01:48:48:4848 [37mdebug[39m: [37mServer is up and running @ http://localhost:3000[39m
2022-04-13 01:52:10:5210 [37mdebug[39m: [37mServer is up and running @ http://localhost:3000[39m
2022-04-13 01:55:23:5523 [37mdebug[39m: [37mServer is up and running @ http://localhost:3000[39m
2022-04-13 01:55:23:5523 [35mhttp[39m: [35mGET /docs/ 304 - - 6.940 ms[39m
[35m[39m
2022-04-13 01:55:23:5523 [35mhttp[39m: [35mGET /docs/swagger-ui-init.js 200 1909 - 0.784 ms[39m
[35m[39m
2022-04-13 01:55:23:5523 [35mhttp[39m: [35mGET /docs/swagger-ui.css 304 - - 15.378 ms[39m
[35m[39m
2022-04-13 01:55:23:5523 [35mhttp[39m: [35mGET /docs/swagger-ui-bundle.js 304 - - 111.486 ms[39m
[35m[39m
2022-04-13 01:55:23:5523 [35mhttp[39m: [35mGET /docs/swagger-ui-standalone-preset.js 304 - - 115.361 ms[39m
[35m[39m
2022-04-13 01:55:23:5523 [35mhttp[39m: [35mGET /docs/favicon-32x32.png 304 - - 1.541 ms[39m
[35m[39m
2022-04-13 01:56:47:5647 [37mdebug[39m: [37mServer is up and running @ http://localhost:3000[39m
2022-04-13 01:57:45:5745 [37mdebug[39m: [37mServer is up and running @ http://localhost:3000[39m
2022-04-13 01:58:05:585 [37mdebug[39m: [37mServer is up and running @ http://localhost:3000[39m
2022-04-13 01:58:05:585 [35mhttp[39m: [35mGET /docs/ 304 - - 6.769 ms[39m
[35m[39m
2022-04-13 01:58:05:585 [35mhttp[39m: [35mGET /docs/swagger-ui.css 304 - - 4.833 ms[39m
[35m[39m
2022-04-13 01:58:05:585 [35mhttp[39m: [35mGET /docs/swagger-ui-bundle.js 304 - - 9.967 ms[39m
[35m[39m
2022-04-13 01:58:05:585 [35mhttp[39m: [35mGET /docs/swagger-ui-init.js 200 2518 - 0.829 ms[39m
[35m[39m
2022-04-13 01:58:05:585 [35mhttp[39m: [35mGET /docs/swagger-ui-standalone-preset.js 304 - - 5.661 ms[39m
[35m[39m
2022-04-13 01:58:06:586 [35mhttp[39m: [35mGET /docs/favicon-32x32.png 304 - - 0.528 ms[39m
[35m[39m
2022-04-13 02:07:40:740 [37mdebug[39m: [37mServer is up and running @ http://localhost:3000[39m
2022-04-13 02:07:49:749 [35mhttp[39m: [35mGET /docs/ 304 - - 4.019 ms[39m
[35m[39m
2022-04-13 02:07:49:749 [35mhttp[39m: [35mGET /docs/swagger-ui-init.js 200 2542 - 1.774 ms[39m
[35m[39m
2022-04-13 02:07:49:749 [35mhttp[39m: [35mGET /docs/swagger-ui-bundle.js 304 - - 9.976 ms[39m
[35m[39m
2022-04-13 02:07:49:749 [35mhttp[39m: [35mGET /docs/swagger-ui.css 304 - - 14.233 ms[39m
[35m[39m
2022-04-13 02:07:49:749 [35mhttp[39m: [35mGET /docs/swagger-ui-standalone-preset.js 304 - - 15.489 ms[39m
[35m[39m
2022-04-13 02:07:49:749 [35mhttp[39m: [35mGET /docs/favicon-32x32.png 304 - - 1.569 ms[39m
[35m[39m
2022-04-13 02:09:16:916 [37mdebug[39m: [37mServer is up and running @ http://localhost:3000[39m
2022-04-13 02:09:35:935 [35mhttp[39m: [35mGET /docs/ 304 - - 7.179 ms[39m
[35m[39m
2022-04-13 02:09:35:935 [35mhttp[39m: [35mGET /docs/swagger-ui.css 304 - - 5.989 ms[39m
[35m[39m
2022-04-13 02:09:35:935 [35mhttp[39m: [35mGET /docs/swagger-ui-bundle.js 304 - - 6.389 ms[39m
[35m[39m
2022-04-13 02:09:35:935 [35mhttp[39m: [35mGET /docs/swagger-ui-standalone-preset.js 304 - - 8.051 ms[39m
[35m[39m
2022-04-13 02:09:35:935 [35mhttp[39m: [35mGET /docs/swagger-ui-init.js 200 2653 - 0.613 ms[39m
[35m[39m
2022-04-13 02:11:13:1113 [37mdebug[39m: [37mServer is up and running @ http://localhost:3000[39m
2022-04-13 02:14:54:1454 [37mdebug[39m: [37mServer is up and running @ http://localhost:3000[39m
2022-04-13 02:14:58:1458 [35mhttp[39m: [35mGET /docs/ 304 - - 5.046 ms[39m
[35m[39m
2022-04-13 02:14:58:1458 [35mhttp[39m: [35mGET /docs/swagger-ui-init.js 200 3383 - 1.957 ms[39m
[35m[39m
2022-04-13 02:14:58:1458 [35mhttp[39m: [35mGET /docs/swagger-ui.css 304 - - 12.680 ms[39m
[35m[39m
2022-04-13 02:14:58:1458 [35mhttp[39m: [35mGET /docs/swagger-ui-bundle.js 304 - - 13.704 ms[39m
[35m[39m
2022-04-13 02:14:58:1458 [35mhttp[39m: [35mGET /docs/swagger-ui-standalone-preset.js 304 - - 21.643 ms[39m
[35m[39m
2022-04-13 02:14:59:1459 [35mhttp[39m: [35mGET /docs/favicon-32x32.png 304 - - 0.818 ms[39m
[35m[39m
2022-04-13 02:20:01:201 [35mhttp[39m: [35mGET /owners 200 359 - 834.736 ms[39m
[35m[39m
2022-04-13 02:20:48:2048 [37mdebug[39m: [37mServer is up and running @ http://localhost:3000[39m
2022-04-13 02:20:56:2056 [35mhttp[39m: [35mGET /docs/ 304 - - 7.530 ms[39m
[35m[39m
2022-04-13 02:20:56:2056 [35mhttp[39m: [35mGET /docs/swagger-ui.css 304 - - 7.571 ms[39m
[35m[39m
2022-04-13 02:20:56:2056 [35mhttp[39m: [35mGET /docs/swagger-ui-bundle.js 304 - - 8.235 ms[39m
[35m[39m
2022-04-13 02:20:56:2056 [35mhttp[39m: [35mGET /docs/swagger-ui-init.js 200 3580 - 0.704 ms[39m
[35m[39m
2022-04-13 02:20:56:2056 [35mhttp[39m: [35mGET /docs/swagger-ui-standalone-preset.js 304 - - 4.813 ms[39m
[35m[39m
2022-04-13 02:20:56:2056 [35mhttp[39m: [35mGET /docs/favicon-32x32.png 304 - - 7.293 ms[39m
[35m[39m
2022-04-13 02:22:31:2231 [37mdebug[39m: [37mServer is up and running @ http://localhost:3000[39m
2022-04-13 02:22:58:2258 [37mdebug[39m: [37mServer is up and running @ http://localhost:3000[39m
2022-04-13 02:23:02:232 [35mhttp[39m: [35mGET /docs/ 304 - - 4.666 ms[39m
[35m[39m
2022-04-13 02:23:02:232 [35mhttp[39m: [35mGET /docs/swagger-ui.css 304 - - 4.532 ms[39m
[35m[39m
2022-04-13 02:23:02:232 [35mhttp[39m: [35mGET /docs/swagger-ui-bundle.js 304 - - 6.552 ms[39m
[35m[39m
2022-04-13 02:23:02:232 [35mhttp[39m: [35mGET /docs/swagger-ui-init.js 200 3761 - 0.776 ms[39m
[35m[39m
2022-04-13 02:23:02:232 [35mhttp[39m: [35mGET /docs/swagger-ui-standalone-preset.js 304 - - 5.239 ms[39m
[35m[39m
2022-04-13 02:23:02:232 [35mhttp[39m: [35mGET /docs/favicon-32x32.png 304 - - 1.554 ms[39m
[35m[39m
2022-04-13 02:23:27:2327 [35mhttp[39m: [35mGET /owners 200 359 - 141.479 ms[39m
[35m[39m
2022-04-13 02:25:18:2518 [37mdebug[39m: [37mServer is up and running @ http://localhost:3000[39m
2022-04-13 02:25:23:2523 [35mhttp[39m: [35mGET /docs/ 304 - - 5.681 ms[39m
[35m[39m
2022-04-13 02:25:23:2523 [35mhttp[39m: [35mGET /docs/swagger-ui.css 304 - - 4.337 ms[39m
[35m[39m
2022-04-13 02:25:23:2523 [35mhttp[39m: [35mGET /docs/swagger-ui-init.js 200 3784 - 0.521 ms[39m
[35m[39m
2022-04-13 02:25:23:2523 [35mhttp[39m: [35mGET /docs/swagger-ui-bundle.js 304 - - 7.954 ms[39m
[35m[39m
2022-04-13 02:25:23:2523 [35mhttp[39m: [35mGET /docs/swagger-ui-standalone-preset.js 304 - - 5.189 ms[39m
[35m[39m
2022-04-13 02:25:24:2524 [35mhttp[39m: [35mGET /docs/favicon-32x32.png 304 - - 0.557 ms[39m
[35m[39m
2022-04-13 02:25:34:2534 [35mhttp[39m: [35mGET /owners 304 - - 43.601 ms[39m
[35m[39m
2022-04-13 02:26:13:2613 [35mhttp[39m: [35mPOST /owners 201 67 - 336.628 ms[39m
[35m[39m
2022-04-13 02:26:58:2658 [37mdebug[39m: [37mServer is up and running @ http://localhost:3000[39m
2022-04-13 02:27:59:2759 [35mhttp[39m: [35mPOST /owners 201 68 - 139.255 ms[39m
[35m[39m
2022-04-13 02:28:25:2825 [35mhttp[39m: [35mGET /owners 200 453 - 11.173 ms[39m
[35m[39m
2022-04-13 02:32:44:3244 [37mdebug[39m: [37mServer is up and running @ http://localhost:3000[39m
2022-04-13 02:32:44:3244 [35mhttp[39m: [35mGET /docs/ 304 - - 12.776 ms[39m
[35m[39m
2022-04-13 02:32:44:3244 [35mhttp[39m: [35mGET /docs/swagger-ui.css 304 - - 4.893 ms[39m
[35m[39m
2022-04-13 02:32:44:3244 [35mhttp[39m: [35mGET /docs/swagger-ui-bundle.js 304 - - 4.139 ms[39m
[35m[39m
2022-04-13 02:32:44:3244 [35mhttp[39m: [35mGET /docs/swagger-ui-init.js 200 4358 - 0.711 ms[39m
[35m[39m
2022-04-13 02:32:44:3244 [35mhttp[39m: [35mGET /docs/swagger-ui-standalone-preset.js 304 - - 6.558 ms[39m
[35m[39m
2022-04-13 02:32:46:3246 [35mhttp[39m: [35mGET /docs/favicon-32x32.png 304 - - 0.524 ms[39m
[35m[39m
2022-04-13 02:33:36:3336 [35mhttp[39m: [35mGET /owners 304 - - 40.258 ms[39m
[35m[39m
2022-04-13 02:38:06:386 [37mdebug[39m: [37mServer is up and running @ http://localhost:3000[39m
2022-04-13 02:38:39:3839 [37mdebug[39m: [37mServer is up and running @ http://localhost:3000[39m
2022-04-13 02:41:09:419 [37mdebug[39m: [37mServer is up and running @ http://localhost:3000[39m
2022-04-13 02:42:51:4251 [37mdebug[39m: [37mServer is up and running @ http://localhost:3000[39m
2022-04-13 02:43:10:4310 [37mdebug[39m: [37mServer is up and running @ http://localhost:3000[39m
2022-04-13 02:43:29:4329 [37mdebug[39m: [37mServer is up and running @ http://localhost:3000[39m
2022-04-13 02:44:41:4441 [37mdebug[39m: [37mServer is up and running @ http://localhost:3000[39m
2022-04-13 02:44:41:4441 [35mhttp[39m: [35mGET /docs/ 304 - - 7.092 ms[39m
[35m[39m
2022-04-13 02:44:41:4441 [35mhttp[39m: [35mGET /docs/swagger-ui.css 304 - - 6.350 ms[39m
[35m[39m
2022-04-13 02:44:41:4441 [35mhttp[39m: [35mGET /docs/swagger-ui-bundle.js 304 - - 7.783 ms[39m
[35m[39m
2022-04-13 02:44:41:4441 [35mhttp[39m: [35mGET /docs/swagger-ui-init.js 200 5695 - 1.020 ms[39m
[35m[39m
2022-04-13 02:44:41:4441 [35mhttp[39m: [35mGET /docs/swagger-ui-standalone-preset.js 304 - - 13.817 ms[39m
[35m[39m
2022-04-13 02:44:42:4442 [35mhttp[39m: [35mGET /docs/favicon-32x32.png 304 - - 1.149 ms[39m
[35m[39m
2022-04-13 02:48:46:4846 [37mdebug[39m: [37mServer is up and running @ http://localhost:3000[39m
2022-04-13 02:49:20:4920 [37mdebug[39m: [37mServer is up and running @ http://localhost:3000[39m
2022-04-13 02:50:27:5027 [37mdebug[39m: [37mServer is up and running @ http://localhost:3000[39m
2022-04-13 02:51:03:513 [35mhttp[39m: [35mGET /docs/ 304 - - 4.420 ms[39m
[35m[39m
2022-04-13 02:51:03:513 [35mhttp[39m: [35mGET /docs/swagger-ui.css 304 - - 4.676 ms[39m
[35m[39m
2022-04-13 02:51:03:513 [35mhttp[39m: [35mGET /docs/swagger-ui-bundle.js 304 - - 5.651 ms[39m
[35m[39m
2022-04-13 02:51:03:513 [35mhttp[39m: [35mGET /docs/swagger-ui-init.js 200 5836 - 0.720 ms[39m
[35m[39m
2022-04-13 02:51:03:513 [35mhttp[39m: [35mGET /docs/swagger-ui-standalone-preset.js 304 - - 6.512 ms[39m
[35m[39m
2022-04-13 02:51:03:513 [35mhttp[39m: [35mGET /docs/favicon-32x32.png 304 - - 0.719 ms[39m
[35m[39m
2022-04-13 02:53:07:537 [37mdebug[39m: [37mServer is up and running @ http://localhost:3000[39m
2022-04-13 02:53:13:5313 [35mhttp[39m: [35mGET /docs/ 304 - - 4.183 ms[39m
[35m[39m
2022-04-13 02:53:13:5313 [35mhttp[39m: [35mGET /docs/swagger-ui.css 304 - - 3.808 ms[39m
[35m[39m
2022-04-13 02:53:13:5313 [35mhttp[39m: [35mGET /docs/swagger-ui-bundle.js 304 - - 5.491 ms[39m
[35m[39m
2022-04-13 02:53:13:5313 [35mhttp[39m: [35mGET /docs/swagger-ui-standalone-preset.js 304 - - 2.247 ms[39m
[35m[39m
2022-04-13 02:53:13:5313 [35mhttp[39m: [35mGET /docs/swagger-ui-init.js 200 5766 - 0.594 ms[39m
[35m[39m
2022-04-13 02:53:13:5313 [35mhttp[39m: [35mGET /docs/favicon-32x32.png 304 - - 0.716 ms[39m
[35m[39m
2022-04-13 02:56:51:5651 [37mdebug[39m: [37mServer is up and running @ http://localhost:3000[39m
2022-04-13 02:56:51:5651 [35mhttp[39m: [35mGET /docs/ 304 - - 4.237 ms[39m
[35m[39m
2022-04-13 02:56:51:5651 [35mhttp[39m: [35mGET /docs/swagger-ui.css 304 - - 5.493 ms[39m
[35m[39m
2022-04-13 02:56:51:5651 [35mhttp[39m: [35mGET /docs/swagger-ui-bundle.js 304 - - 6.965 ms[39m
[35m[39m
2022-04-13 02:56:51:5651 [35mhttp[39m: [35mGET /docs/swagger-ui-init.js 200 6101 - 0.781 ms[39m
[35m[39m
2022-04-13 02:56:51:5651 [35mhttp[39m: [35mGET /docs/swagger-ui-standalone-preset.js 304 - - 1.726 ms[39m
[35m[39m
2022-04-13 02:56:52:5652 [35mhttp[39m: [35mGET /docs/favicon-32x32.png 304 - - 1.277 ms[39m
[35m[39m
2022-04-13 02:58:39:5839 [37mdebug[39m: [37mServer is up and running @ http://localhost:3000[39m
2022-04-13 02:58:39:5839 [35mhttp[39m: [35mGET /docs/ 304 - - 14.249 ms[39m
[35m[39m
2022-04-13 02:58:39:5839 [35mhttp[39m: [35mGET /docs/swagger-ui.css 304 - - 4.274 ms[39m
[35m[39m
2022-04-13 02:58:39:5839 [35mhttp[39m: [35mGET /docs/swagger-ui-init.js 200 6267 - 0.684 ms[39m
[35m[39m
2022-04-13 02:58:39:5839 [35mhttp[39m: [35mGET /docs/swagger-ui-bundle.js 304 - - 99.291 ms[39m
[35m[39m
2022-04-13 02:58:39:5839 [35mhttp[39m: [35mGET /docs/swagger-ui-standalone-preset.js 304 - - 102.825 ms[39m
[35m[39m
2022-04-13 02:58:40:5840 [35mhttp[39m: [35mGET /docs/favicon-32x32.png 304 - - 0.508 ms[39m
[35m[39m
2022-04-13 02:59:36:5936 [37mdebug[39m: [37mServer is up and running @ http://localhost:3000[39m
2022-04-13 02:59:42:5942 [35mhttp[39m: [35mGET /docs/ 304 - - 4.879 ms[39m
[35m[39m
2022-04-13 02:59:42:5942 [35mhttp[39m: [35mGET /docs/swagger-ui.css 304 - - 4.468 ms[39m
[35m[39m
2022-04-13 02:59:42:5942 [35mhttp[39m: [35mGET /docs/swagger-ui-bundle.js 304 - - 4.281 ms[39m
[35m[39m
2022-04-13 02:59:42:5942 [35mhttp[39m: [35mGET /docs/swagger-ui-init.js 200 6203 - 0.622 ms[39m
[35m[39m
2022-04-13 02:59:42:5942 [35mhttp[39m: [35mGET /docs/swagger-ui-standalone-preset.js 304 - - 4.549 ms[39m
[35m[39m
2022-04-13 02:59:43:5943 [35mhttp[39m: [35mGET /docs/favicon-32x32.png 304 - - 1.191 ms[39m
[35m[39m
2022-04-13 03:00:54:054 [35mhttp[39m: [35mGET /docs/ 304 - - 1.337 ms[39m
[35m[39m
2022-04-13 03:00:54:054 [35mhttp[39m: [35mGET /docs/swagger-ui.css 304 - - 3.178 ms[39m
[35m[39m
2022-04-13 03:00:54:054 [35mhttp[39m: [35mGET /docs/swagger-ui-init.js 304 - - 0.829 ms[39m
[35m[39m
2022-04-13 03:00:54:054 [35mhttp[39m: [35mGET /docs/swagger-ui-bundle.js 304 - - 13.968 ms[39m
[35m[39m
2022-04-13 03:00:54:054 [35mhttp[39m: [35mGET /docs/swagger-ui-standalone-preset.js 304 - - 14.602 ms[39m
[35m[39m
2022-04-13 03:03:48:348 [37mdebug[39m: [37mServer is up and running @ http://localhost:3000[39m
2022-04-13 03:04:38:438 [37mdebug[39m: [37mServer is up and running @ http://localhost:3000[39m
2022-04-13 03:04:49:449 [37mdebug[39m: [37mServer is up and running @ http://localhost:3000[39m
2022-04-13 03:07:51:751 [37mdebug[39m: [37mServer is up and running @ http://localhost:3000[39m
2022-04-13 03:11:02:112 [37mdebug[39m: [37mServer is up and running @ http://localhost:3000[39m
2022-04-13 03:13:24:1324 [37mdebug[39m: [37mServer is up and running @ http://localhost:3000[39m
2022-04-13 03:13:37:1337 [37mdebug[39m: [37mServer is up and running @ http://localhost:3000[39m
2022-04-13 03:14:00:140 [37mdebug[39m: [37mServer is up and running @ http://localhost:3000[39m
2022-04-13 03:15:54:1554 [37mdebug[39m: [37mServer is up and running @ http://localhost:3000[39m
2022-04-13 03:16:25:1625 [37mdebug[39m: [37mServer is up and running @ http://localhost:3000[39m
2022-04-13 03:17:17:1717 [37mdebug[39m: [37mServer is up and running @ http://localhost:3000[39m
2022-04-13 03:17:59:1759 [37mdebug[39m: [37mServer is up and running @ http://localhost:3000[39m
2022-04-13 03:18:06:186 [35mhttp[39m: [35mGET /docs/swagger-ui-init.js 200 6902 - 3.025 ms[39m
[35m[39m
2022-04-13 03:18:07:187 [35mhttp[39m: [35mGET /docs/swagger-ui.css 304 - - 141.510 ms[39m
[35m[39m
2022-04-13 03:18:07:187 [35mhttp[39m: [35mGET /docs/swagger-ui-bundle.js 304 - - 145.232 ms[39m
[35m[39m
2022-04-13 03:18:07:187 [35mhttp[39m: [35mGET /docs/swagger-ui-standalone-preset.js 304 - - 149.391 ms[39m
[35m[39m
2022-04-13 03:19:27:1927 [37mdebug[39m: [37mServer is up and running @ http://localhost:3000[39m
2022-04-13 03:20:06:206 [37mdebug[39m: [37mServer is up and running @ http://localhost:3000[39m
2022-04-13 03:20:41:2041 [37mdebug[39m: [37mServer is up and running @ http://localhost:3000[39m
2022-04-13 03:20:42:2042 [35mhttp[39m: [35mGET /docs/ 304 - - 13.981 ms[39m
[35m[39m
2022-04-13 03:20:42:2042 [35mhttp[39m: [35mGET /docs/swagger-ui.css 304 - - 15.544 ms[39m
[35m[39m
2022-04-13 03:20:42:2042 [35mhttp[39m: [35mGET /docs/swagger-ui-bundle.js 304 - - 21.424 ms[39m
[35m[39m
2022-04-13 03:20:42:2042 [35mhttp[39m: [35mGET /docs/swagger-ui-init.js 200 6965 - 1.477 ms[39m
[35m[39m
2022-04-13 03:20:42:2042 [35mhttp[39m: [35mGET /docs/swagger-ui-standalone-preset.js 304 - - 30.343 ms[39m
[35m[39m
2022-04-13 03:20:43:2043 [35mhttp[39m: [35mGET /docs/favicon-32x32.png 304 - - 0.910 ms[39m
[35m[39m
2022-04-13 03:21:36:2136 [37mdebug[39m: [37mServer is up and running @ http://localhost:3000[39m
2022-04-13 03:21:49:2149 [37mdebug[39m: [37mServer is up and running @ http://localhost:3000[39m
2022-04-13 03:22:10:2210 [37mdebug[39m: [37mServer is up and running @ http://localhost:3000[39m
2022-04-13 03:22:39:2239 [37mdebug[39m: [37mServer is up and running @ http://localhost:3000[39m
2022-04-13 03:22:56:2256 [35mhttp[39m: [35mGET /docs/ 304 - - 5.468 ms[39m
[35m[39m
2022-04-13 03:22:56:2256 [35mhttp[39m: [35mGET /docs/swagger-ui.css 304 - - 3.658 ms[39m
[35m[39m
2022-04-13 03:22:56:2256 [35mhttp[39m: [35mGET /docs/swagger-ui-bundle.js 304 - - 4.311 ms[39m
[35m[39m
2022-04-13 03:22:56:2256 [35mhttp[39m: [35mGET /docs/swagger-ui-init.js 200 8749 - 2.041 ms[39m
[35m[39m
2022-04-13 03:22:56:2256 [35mhttp[39m: [35mGET /docs/swagger-ui-standalone-preset.js 304 - - 7.904 ms[39m
[35m[39m
2022-04-13 03:22:57:2257 [35mhttp[39m: [35mGET /docs/favicon-32x32.png 304 - - 0.598 ms[39m
[35m[39m
2022-04-13 03:26:54:2654 [37mdebug[39m: [37mServer is up and running @ http://localhost:3000[39m
2022-04-13 03:26:54:2654 [35mhttp[39m: [35mGET /docs/ 304 - - 5.291 ms[39m
[35m[39m
2022-04-13 03:26:55:2655 [35mhttp[39m: [35mGET /docs/swagger-ui.css 304 - - 4.684 ms[39m
[35m[39m
2022-04-13 03:26:55:2655 [35mhttp[39m: [35mGET /docs/swagger-ui-bundle.js 304 - - 5.391 ms[39m
[35m[39m
2022-04-13 03:26:55:2655 [35mhttp[39m: [35mGET /docs/swagger-ui-standalone-preset.js 304 - - 3.273 ms[39m
[35m[39m
2022-04-13 03:26:55:2655 [35mhttp[39m: [35mGET /docs/swagger-ui-init.js 200 6965 - 0.374 ms[39m
[35m[39m
2022-04-13 03:26:55:2655 [35mhttp[39m: [35mGET /docs/favicon-32x32.png 304 - - 1.617 ms[39m
[35m[39m
2022-04-13 03:29:39:2939 [37mdebug[39m: [37mServer is up and running @ http://localhost:3000[39m
2022-04-13 03:29:57:2957 [35mhttp[39m: [35mGET /docs/ 304 - - 10.361 ms[39m
[35m[39m
2022-04-13 03:29:57:2957 [35mhttp[39m: [35mGET /docs/swagger-ui.css 304 - - 2.542 ms[39m
[35m[39m
2022-04-13 03:29:57:2957 [35mhttp[39m: [35mGET /docs/swagger-ui-init.js 200 8921 - 0.619 ms[39m
[35m[39m
2022-04-13 03:29:57:2957 [35mhttp[39m: [35mGET /docs/swagger-ui-bundle.js 304 - - 6.863 ms[39m
[35m[39m
2022-04-13 03:29:57:2957 [35mhttp[39m: [35mGET /docs/swagger-ui-standalone-preset.js 304 - - 6.366 ms[39m
[35m[39m
2022-04-13 03:31:07:317 [37mdebug[39m: [37mServer is up and running @ http://localhost:3000[39m
2022-04-13 03:31:20:3120 [35mhttp[39m: [35mGET /docs/ 304 - - 5.248 ms[39m
[35m[39m
2022-04-13 03:31:20:3120 [35mhttp[39m: [35mGET /docs/swagger-ui.css 304 - - 5.448 ms[39m
[35m[39m
2022-04-13 03:31:20:3120 [35mhttp[39m: [35mGET /docs/swagger-ui-bundle.js 304 - - 1.564 ms[39m
[35m[39m
2022-04-13 03:31:20:3120 [35mhttp[39m: [35mGET /docs/swagger-ui-init.js 200 8859 - 0.789 ms[39m
[35m[39m
2022-04-13 03:31:20:3120 [35mhttp[39m: [35mGET /docs/swagger-ui-standalone-preset.js 304 - - 6.946 ms[39m
[35m[39m
2022-04-13 03:31:21:3121 [35mhttp[39m: [35mGET /docs/favicon-32x32.png 304 - - 0.644 ms[39m
[35m[39m
2022-04-13 03:31:59:3159 [35mhttp[39m: [35mGET /owners/4 200 59 - 807.117 ms[39m
[35m[39m
2022-04-13 03:32:13:3213 [35mhttp[39m: [35mGET /owners/1000 404 66 - 42.569 ms[39m
[35m[39m
2022-04-13 03:33:31:3331 [37mdebug[39m: [37mServer is up and running @ http://localhost:3000[39m
2022-04-13 03:34:51:3451 [37mdebug[39m: [37mServer is up and running @ http://localhost:3000[39m
2022-04-13 03:35:22:3522 [37mdebug[39m: [37mServer is up and running @ http://localhost:3000[39m
2022-04-13 03:37:17:3717 [37mdebug[39m: [37mServer is up and running @ http://localhost:3000[39m
2022-04-13 03:38:59:3859 [37mdebug[39m: [37mServer is up and running @ http://localhost:3000[39m
2022-04-13 03:39:38:3938 [37mdebug[39m: [37mServer is up and running @ http://localhost:3000[39m
2022-04-13 03:40:28:4028 [37mdebug[39m: [37mServer is up and running @ http://localhost:3000[39m
2022-04-13 03:43:50:4350 [35mhttp[39m: [35mGET /docs/ 304 - - 4.653 ms[39m
[35m[39m
2022-04-13 03:43:51:4351 [35mhttp[39m: [35mGET /docs/swagger-ui.css 304 - - 3.098 ms[39m
[35m[39m
2022-04-13 03:43:51:4351 [35mhttp[39m: [35mGET /docs/swagger-ui-bundle.js 304 - - 0.993 ms[39m
[35m[39m
2022-04-13 03:43:51:4351 [35mhttp[39m: [35mGET /docs/swagger-ui-init.js 200 11587 - 0.853 ms[39m
[35m[39m
2022-04-13 03:43:51:4351 [35mhttp[39m: [35mGET /docs/swagger-ui-standalone-preset.js 304 - - 6.117 ms[39m
[35m[39m
2022-04-13 03:44:09:449 [35mhttp[39m: [35mGET /owners/27 404 66 - 808.232 ms[39m
[35m[39m
2022-04-13 03:44:25:4425 [35mhttp[39m: [35mGET /owners/5 200 82 - 16.973 ms[39m
[35m[39m
2022-04-13 03:44:41:4441 [35mhttp[39m: [35mGET /owners/10 404 66 - 45.081 ms[39m
[35m[39m
2022-04-13 03:44:52:4452 [35mhttp[39m: [35mGET /owners/9 200 61 - 11.152 ms[39m
[35m[39m
2022-04-13 03:45:24:4524 [35mhttp[39m: [35mDELETE /owners/9 204 - - 857.075 ms[39m
[35m[39m
2022-04-13 03:46:12:4612 [37mdebug[39m: [37mServer is up and running @ http://localhost:3000[39m
2022-04-13 03:46:12:4612 [35mhttp[39m: [35mGET /docs/ 304 - - 4.384 ms[39m
[35m[39m
2022-04-13 03:46:12:4612 [35mhttp[39m: [35mGET /docs/swagger-ui.css 304 - - 3.970 ms[39m
[35m[39m
2022-04-13 03:46:12:4612 [35mhttp[39m: [35mGET /docs/swagger-ui-bundle.js 304 - - 7.595 ms[39m
[35m[39m
2022-04-13 03:46:12:4612 [35mhttp[39m: [35mGET /docs/swagger-ui-standalone-preset.js 304 - - 3.224 ms[39m
[35m[39m
2022-04-13 03:46:12:4612 [35mhttp[39m: [35mGET /docs/swagger-ui-init.js 200 11587 - 0.440 ms[39m
[35m[39m
2022-04-13 03:46:12:4612 [35mhttp[39m: [35mGET /docs/favicon-32x32.png 304 - - 0.675 ms[39m
[35m[39m
2022-04-13 03:48:16:4816 [37mdebug[39m: [37mServer is up and running @ http://localhost:3000[39m
2022-04-13 03:48:47:4847 [37mdebug[39m: [37mServer is up and running @ http://localhost:3000[39m
2022-04-13 03:49:18:4918 [37mdebug[39m: [37mServer is up and running @ http://localhost:3000[39m
2022-04-13 03:50:10:5010 [35mhttp[39m: [35mGET /owners 200 401 - 147.634 ms[39m
[35m[39m
2022-04-13 03:50:34:5034 [35mhttp[39m: [35mGET /owners/5/cars 200 2 - 54.465 ms[39m
[35m[39m
2022-04-13 03:50:41:5041 [35mhttp[39m: [35mGET /owners/4/cars 200 2 - 7.193 ms[39m
[35m[39m
2022-04-13 03:50:51:5051 [35mhttp[39m: [35mGET /cars 200 3547 - 41.762 ms[39m
[35m[39m
2022-04-13 03:54:02:542 [35mhttp[39m: [35mGET /owners/4/cars 200 2 - 7.843 ms[39m
[35m[39m
2022-04-13 03:54:10:5410 [35mhttp[39m: [35mGET /owners/5/cars 200 2 - 113.512 ms[39m
[35m[39m
2022-04-13 03:56:41:5641 [37mdebug[39m: [37mServer is up and running @ http://localhost:3000[39m
2022-04-13 03:56:50:5650 [35mhttp[39m: [35mGET /owners/5/cars 200 2 - 322.947 ms[39m
[35m[39m
2022-04-13 03:58:28:5828 [37mdebug[39m: [37mServer is up and running @ http://localhost:3000[39m
2022-04-13 03:58:31:5831 [35mhttp[39m: [35mGET /owners/5/cars 200 100 - 103.704 ms[39m
[35m[39m
2022-04-13 03:59:29:5929 [37mdebug[39m: [37mServer is up and running @ http://localhost:3000[39m
2022-04-13 03:59:40:5940 [35mhttp[39m: [35mGET /owners/5/cars 200 1824 - 125.610 ms[39m
[35m[39m
2022-04-13 04:02:49:249 [37mdebug[39m: [37mServer is up and running @ http://localhost:3000[39m
2022-04-13 04:05:15:515 [37mdebug[39m: [37mServer is up and running @ http://localhost:3000[39m
2022-04-13 04:08:48:848 [37mdebug[39m: [37mServer is up and running @ http://localhost:3000[39m
2022-04-13 04:09:47:947 [37mdebug[39m: [37mServer is up and running @ http://localhost:3000[39m
2022-04-13 04:10:36:1036 [37mdebug[39m: [37mServer is up and running @ http://localhost:3000[39m
2022-04-13 04:12:17:1217 [35mhttp[39m: [35mGET /docs/ 304 - - 4.800 ms[39m
[35m[39m
2022-04-13 04:12:18:1218 [35mhttp[39m: [35mGET /docs/swagger-ui-init.js 200 15654 - 0.805 ms[39m
[35m[39m
2022-04-13 04:12:18:1218 [35mhttp[39m: [35mGET /docs/swagger-ui-standalone-preset.js 304 - - 8.560 ms[39m
[35m[39m
2022-04-13 04:12:18:1218 [35mhttp[39m: [35mGET /docs/swagger-ui.css 304 - - 8.435 ms[39m
[35m[39m
2022-04-13 04:12:18:1218 [35mhttp[39m: [35mGET /docs/swagger-ui-bundle.js 304 - - 8.751 ms[39m
[35m[39m
2022-04-13 04:12:18:1218 [35mhttp[39m: [35mGET /docs/favicon-32x32.png 304 - - 0.580 ms[39m
[35m[39m
2022-04-13 04:12:33:1233 [35mhttp[39m: [35mGET /owners/5/cars 200 1824 - 99.266 ms[39m
[35m[39m
2022-04-13 04:13:27:1327 [35mhttp[39m: [35mGET /docs/ 304 - - 1.216 ms[39m
[35m[39m
2022-04-13 04:13:28:1328 [35mhttp[39m: [35mGET /docs/swagger-ui.css 304 - - 3.443 ms[39m
[35m[39m
2022-04-13 04:13:28:1328 [35mhttp[39m: [35mGET /docs/swagger-ui-bundle.js 304 - - 1.726 ms[39m
[35m[39m
2022-04-13 04:13:28:1328 [35mhttp[39m: [35mGET /docs/swagger-ui-standalone-preset.js 304 - - 0.938 ms[39m
[35m[39m
2022-04-13 04:13:28:1328 [35mhttp[39m: [35mGET /docs/swagger-ui-init.js 304 - - 0.682 ms[39m
[35m[39m
2022-04-13 04:18:06:186 [37mdebug[39m: [37mServer is up and running @ http://localhost:3000[39m
2022-04-13 04:18:10:1810 [35mhttp[39m: [35mGET /docs/ 304 - - 6.224 ms[39m
[35m[39m
2022-04-13 04:18:10:1810 [35mhttp[39m: [35mGET /docs/swagger-ui.css 304 - - 7.398 ms[39m
[35m[39m
2022-04-13 04:18:10:1810 [35mhttp[39m: [35mGET /docs/swagger-ui-init.js 200 15534 - 0.847 ms[39m
[35m[39m
2022-04-13 04:18:10:1810 [35mhttp[39m: [35mGET /docs/swagger-ui-bundle.js 304 - - 13.925 ms[39m
[35m[39m
2022-04-13 04:18:10:1810 [35mhttp[39m: [35mGET /docs/swagger-ui-standalone-preset.js 304 - - 7.881 ms[39m
[35m[39m
2022-04-13 04:21:47:2147 [37mdebug[39m: [37mServer is up and running @ http://localhost:3000[39m
2022-04-13 04:21:48:2148 [35mhttp[39m: [35mGET /docs/ 304 - - 5.695 ms[39m
[35m[39m
2022-04-13 04:21:48:2148 [35mhttp[39m: [35mGET /docs/swagger-ui.css 304 - - 5.394 ms[39m
[35m[39m
2022-04-13 04:21:48:2148 [35mhttp[39m: [35mGET /docs/swagger-ui-bundle.js 304 - - 5.455 ms[39m
[35m[39m
2022-04-13 04:21:48:2148 [35mhttp[39m: [35mGET /docs/swagger-ui-init.js 200 15891 - 0.634 ms[39m
[35m[39m
2022-04-13 04:21:48:2148 [35mhttp[39m: [35mGET /docs/swagger-ui-standalone-preset.js 304 - - 1.079 ms[39m
[35m[39m
2022-04-13 04:21:48:2148 [35mhttp[39m: [35mGET /docs/favicon-32x32.png 304 - - 0.645 ms[39m
[35m[39m
2022-04-13 04:22:41:2241 [35mhttp[39m: [35mGET /owners/5/cars 304 - - 191.894 ms[39m
[35m[39m
2022-04-13 04:23:16:2316 [35mhttp[39m: [35mGET /owners/1000/cars 404 66 - 18.246 ms[39m
[35m[39m
2022-04-13 04:23:29:2329 [35mhttp[39m: [35mGET /owners/aaa/cars 500 83 - 58.326 ms[39m
[35m[39m
2022-04-13 04:26:00:260 [37mdebug[39m: [37mServer is up and running @ http://localhost:3000[39m
2022-04-13 04:27:15:2715 [37mdebug[39m: [37mServer is up and running @ http://localhost:3000[39m
2022-04-13 04:28:23:2823 [37mdebug[39m: [37mServer is up and running @ http://localhost:3000[39m
2022-04-13 04:28:55:2855 [37mdebug[39m: [37mServer is up and running @ http://localhost:3000[39m
2022-04-13 04:32:49:3249 [37mdebug[39m: [37mServer is up and running @ http://localhost:3000[39m
2022-04-13 04:33:32:3332 [35mhttp[39m: [35mGET /owners/1 404 66 - 49.571 ms[39m
[35m[39m
2022-04-13 04:37:54:3754 [35mhttp[39m: [35mGET /docs/ 304 - - 2.909 ms[39m
[35m[39m
2022-04-13 04:37:55:3755 [35mhttp[39m: [35mGET /docs/swagger-ui-init.js 200 19009 - 0.628 ms[39m
[35m[39m
2022-04-13 04:37:55:3755 [35mhttp[39m: [35mGET /docs/swagger-ui.css 304 - - 14.037 ms[39m
[35m[39m
2022-04-13 04:37:55:3755 [35mhttp[39m: [35mGET /docs/swagger-ui-bundle.js 304 - - 14.577 ms[39m
[35m[39m
2022-04-13 04:37:55:3755 [35mhttp[39m: [35mGET /docs/swagger-ui-standalone-preset.js 304 - - 15.293 ms[39m
[35m[39m
2022-04-13 04:38:38:3838 [35mhttp[39m: [35mPUT /owners/%7BidOrder%7D 500 83 - 211.896 ms[39m
[35m[39m
2022-04-13 04:40:54:4054 [37mdebug[39m: [37mServer is up and running @ http://localhost:3000[39m
2022-04-13 04:46:43:4643 [37mdebug[39m: [37mServer is up and running @ http://localhost:3000[39m
2022-04-13 04:46:57:4657 [35mhttp[39m: [35mPUT /owners/%7BidOrder%7D 400 187 - 70.354 ms[39m
[35m[39m
2022-04-13 04:48:24:4824 [37mdebug[39m: [37mServer is up and running @ http://localhost:3000[39m
2022-04-13 04:48:29:4829 [35mhttp[39m: [35mGET /cars 200 3547 - 34.492 ms[39m
[35m[39m
2022-04-13 04:48:44:4844 [35mhttp[39m: [35mGET /docs/ 304 - - 4.130 ms[39m
[35m[39m
2022-04-13 04:48:44:4844 [35mhttp[39m: [35mGET /docs/swagger-ui.css 304 - - 6.000 ms[39m
[35m[39m
2022-04-13 04:48:44:4844 [35mhttp[39m: [35mGET /docs/swagger-ui-bundle.js 304 - - 2.351 ms[39m
[35m[39m
2022-04-13 04:48:44:4844 [35mhttp[39m: [35mGET /docs/swagger-ui-standalone-preset.js 304 - - 2.730 ms[39m
[35m[39m
2022-04-13 04:48:44:4844 [35mhttp[39m: [35mGET /docs/swagger-ui-init.js 200 18972 - 1.169 ms[39m
[35m[39m
2022-04-13 04:48:44:4844 [35mhttp[39m: [35mGET /docs/favicon-32x32.png 304 - - 0.507 ms[39m
[35m[39m
2022-04-13 04:49:05:495 [35mhttp[39m: [35mPUT /owners/5 204 - - 147.360 ms[39m
[35m[39m
2022-04-13 04:49:44:4944 [35mhttp[39m: [35mGET /owners 200 374 - 7.001 ms[39m
[35m[39m
2022-04-13 04:56:33:5633 [37mdebug[39m: [37mServer is up and running @ http://localhost:3000[39m
2022-04-13 04:58:01:581 [37mdebug[39m: [37mServer is up and running @ http://localhost:3000[39m
2022-04-13 04:58:34:5834 [35mhttp[39m: [35mDELETE /owners/5 400 112 - 93.167 ms[39m
[35m[39m
2022-04-13 04:59:30:5930 [35mhttp[39m: [35mDELETE /owners/20000 204 - - 8.077 ms[39m
[35m[39m
2022-04-13 05:00:38:038 [37mdebug[39m: [37mServer is up and running @ http://localhost:3000[39m
2022-04-13 05:03:21:321 [37mdebug[39m: [37mServer is up and running @ http://localhost:3000[39m
2022-04-13 05:05:25:525 [37mdebug[39m: [37mServer is up and running @ http://localhost:3000[39m
2022-04-13 05:08:23:823 [37mdebug[39m: [37mServer is up and running @ http://localhost:3000[39m
2022-04-13 05:08:46:846 [35mhttp[39m: [35mGET /owners/1 404 66 - 50.911 ms[39m
[35m[39m
